<?xml version="1.0" encoding="UTF-8"?>
<!-- Generated by org.testng.reporters.JUnitReportReporter -->
<testsuite hostname="LAPTOP-VJUOMV7H" failures="0" tests="4" name="Checkout.CheckoutOverviewTest" time="13.367" errors="0" timestamp="2025-02-09T02:46:55 IST" skipped="0">
  <testcase classname="Checkout.CheckoutOverviewTest" name="checkTotal" time="3.090"/>
  <testcase classname="Checkout.CheckoutOverviewTest" name="finishButtonNavigateToCompletePage" time="2.982"/>
  <testcase classname="Checkout.CheckoutOverviewTest" name="cancelButtonNavigateToInventoryPage" time="4.232"/>
  <testcase classname="Checkout.CheckoutOverviewTest" name="cancelNotRemoveCartItem" time="3.063"/>
</testsuite> <!-- Checkout.CheckoutOverviewTest -->
