<?xml version="1.0" encoding="UTF-8"?>
<!-- Generated by org.testng.reporters.JUnitReportReporter -->
<testsuite hostname="LAPTOP-VJUOMV7H" failures="0" tests="7" name="Inventory.CartTest" time="18.953" errors="0" timestamp="2025-02-09T02:46:55 IST" skipped="0">
  <testcase classname="Inventory.CartTest" name="isContinueButtonNavogateToInventoryPage" time="2.484"/>
  <testcase classname="Inventory.CartTest" name="isCheckoutNavigateToPersonalDetailPage" time="2.429"/>
  <testcase classname="Inventory.CartTest" name="continueWithMissingFistName" time="2.921"/>
  <testcase classname="Inventory.CartTest" name="continueWithMissingLastName" time="2.848"/>
  <testcase classname="Inventory.CartTest" name="continueWithMissingZipCode" time="2.866"/>
  <testcase classname="Inventory.CartTest" name="enterCorrectPersonalDetails" time="2.856"/>
  <testcase classname="Inventory.CartTest" name="cancelButtonNavigateToCartPage" time="2.549"/>
</testsuite> <!-- Inventory.CartTest -->
