<?xml version="1.0" encoding="UTF-8"?>
<!-- Generated by org.testng.reporters.JUnitReportReporter -->
<testsuite hostname="LAPTOP-VJUOMV7H" failures="0" tests="2" name="login.LoginTest" time="4.741" errors="0" timestamp="2025-02-09T02:46:55 IST" skipped="0">
  <testcase classname="login.LoginTest" name="loginSuccess" time="2.448"/>
  <testcase classname="login.LoginTest" name="incorrectLogin" time="2.293"/>
</testsuite> <!-- login.LoginTest -->
