<?xml version="1.0" encoding="UTF-8"?>
<!-- Generated by org.testng.reporters.JUnitReportReporter -->
<testsuite hostname="LAPTOP-VJUOMV7H" failures="0" tests="8" name="Inventory.InventoryTest" time="20.059" errors="0" timestamp="2025-02-09T02:46:55 IST" skipped="0">
  <testcase classname="Inventory.InventoryTest" name="numberOfInventoriesPerPage" time="2.464"/>
  <testcase classname="Inventory.InventoryTest" name="isVisibleAllItemImages" time="2.494"/>
  <testcase classname="Inventory.InventoryTest" name="isVisibleAllItemDetails" time="2.638"/>
  <testcase classname="Inventory.InventoryTest" name="isImageClickNavigateToDetailPage" time="2.460"/>
  <testcase classname="Inventory.InventoryTest" name="isTitleClickNavigateToDetailPage" time="2.269"/>
  <testcase classname="Inventory.InventoryTest" name="isButtonNameChangeAfterAddToCart" time="2.427"/>
  <testcase classname="Inventory.InventoryTest" name="isCartNavigateToCartPage" time="2.583"/>
  <testcase classname="Inventory.InventoryTest" name="isCorrectInventoryInCart" time="2.724"/>
</testsuite> <!-- Inventory.InventoryTest -->
